0 info it worked if it ends with ok
1 verbose cli [ 'C:\\Program Files\\nodejs\\node.exe',
1 verbose cli   'C:\\Users\\Ohio\\AppData\\Roaming\\npm\\node_modules\\npm\\bin\\npm-cli.js',
1 verbose cli   'run',
1 verbose cli   'build' ]
2 info using npm@3.10.6
3 info using node@v6.11.1
4 verbose run-script [ 'prebuild', 'build', 'postbuild' ]
5 info lifecycle formula-app@1.0.0~prebuild: formula-app@1.0.0
6 silly lifecycle formula-app@1.0.0~prebuild: no script for prebuild, continuing
7 info lifecycle formula-app@1.0.0~build: formula-app@1.0.0
8 verbose lifecycle formula-app@1.0.0~build: unsafe-perm in lifecycle true
9 verbose lifecycle formula-app@1.0.0~build: PATH: C:\Users\Ohio\AppData\Roaming\npm\node_modules\npm\bin\node-gyp-bin;C:\Users\Ohio\documents\GitHub\formula-app\node_modules\.bin;C:\ProgramData\Oracle\Java\javapath;C:\Program Files (x86)\Lenovo\FusionEngine;C:\WINDOWS\system32;C:\WINDOWS;C:\WINDOWS\System32\Wbem;C:\WINDOWS\System32\WindowsPowerShell\v1.0\;C:\Program Files (x86)\ATI Technologies\ATI.ACE\Core-Static;C:\Program Files (x86)\Common Files\lenovo\easyplussdk\bin;C:\Program Files (x86)\Skype\Phone\;C:\Program Files\MATLAB\R2016a\bin;C:\Program Files\Git\cmd;C:\Program Files\MongoDB\Server\3.2\bin;C:\Program Files\TortoiseGit\bin;C:\Program Files\MySQL\MySQL Utilities 1.6\;C:\Program Files\nodejs\;c:\users\ohio\appdata\local\enthought\canopy\user\scripts;C:\Users\Ohio\AppData\Local\Programs\Python\Python35-32\Scripts\;C:\Users\Ohio\AppData\Local\Programs\Python\Python35-32\;C:\Users\Ohio\AppData\Local\atom\bin;C:\Users\Ohio\AppData\Local\Enthought\Canopy\User;C:\Users\Ohio\AppData\Local\Enthought\Canopy\User\Scripts;C:\Users\Ohio\AppData\Local\Microsoft\WindowsApps;C:\Users\Ohio\AppData\Roaming\npm
10 verbose lifecycle formula-app@1.0.0~build: CWD: C:\Users\Ohio\documents\GitHub\formula-app
11 silly lifecycle formula-app@1.0.0~build: Args: [ '/d /s /c', 'webpack' ]
12 silly lifecycle formula-app@1.0.0~build: Returned: code: 2  signal: null
13 info lifecycle formula-app@1.0.0~build: Failed to exec build script
14 verbose stack Error: formula-app@1.0.0 build: `webpack`
14 verbose stack Exit status 2
14 verbose stack     at EventEmitter.<anonymous> (C:\Users\Ohio\AppData\Roaming\npm\node_modules\npm\lib\utils\lifecycle.js:255:16)
14 verbose stack     at emitTwo (events.js:106:13)
14 verbose stack     at EventEmitter.emit (events.js:191:7)
14 verbose stack     at ChildProcess.<anonymous> (C:\Users\Ohio\AppData\Roaming\npm\node_modules\npm\lib\utils\spawn.js:40:14)
14 verbose stack     at emitTwo (events.js:106:13)
14 verbose stack     at ChildProcess.emit (events.js:191:7)
14 verbose stack     at maybeClose (internal/child_process.js:891:16)
14 verbose stack     at Process.ChildProcess._handle.onexit (internal/child_process.js:226:5)
15 verbose pkgid formula-app@1.0.0
16 verbose cwd C:\Users\Ohio\documents\GitHub\formula-app
17 error Windows_NT 10.0.15063
18 error argv "C:\\Program Files\\nodejs\\node.exe" "C:\\Users\\Ohio\\AppData\\Roaming\\npm\\node_modules\\npm\\bin\\npm-cli.js" "run" "build"
19 error node v6.11.1
20 error npm  v3.10.6
21 error code ELIFECYCLE
22 error formula-app@1.0.0 build: `webpack`
22 error Exit status 2
23 error Failed at the formula-app@1.0.0 build script 'webpack'.
23 error Make sure you have the latest version of node.js and npm installed.
23 error If you do, this is most likely a problem with the formula-app package,
23 error not with npm itself.
23 error Tell the author that this fails on your system:
23 error     webpack
23 error You can get information on how to open an issue for this project with:
23 error     npm bugs formula-app
23 error Or if that isn't available, you can get their info via:
23 error     npm owner ls formula-app
23 error There is likely additional logging output above.
24 verbose exit [ 1, true ]
